mode: count
github.com/2manymws/rlutils/base_limiter.go:40.15,45.33 3 36
github.com/2manymws/rlutils/base_limiter.go:45.33,46.20 1 36
github.com/2manymws/rlutils/base_limiter.go:46.20,48.4 1 14
github.com/2manymws/rlutils/base_limiter.go:51.2,58.3 1 36
github.com/2manymws/rlutils/base_limiter.go:61.57,62.29 1 8
github.com/2manymws/rlutils/base_limiter.go:62.29,64.32 2 8
github.com/2manymws/rlutils/base_limiter.go:64.32,65.41 1 7
github.com/2manymws/rlutils/base_limiter.go:65.41,66.38 1 11
github.com/2manymws/rlutils/base_limiter.go:66.38,68.6 1 1
github.com/2manymws/rlutils/base_limiter.go:69.5,69.61 1 11
github.com/2manymws/rlutils/base_limiter.go:75.51,76.29 1 6
github.com/2manymws/rlutils/base_limiter.go:76.29,78.29 2 6
github.com/2manymws/rlutils/base_limiter.go:78.29,79.41 1 5
github.com/2manymws/rlutils/base_limiter.go:79.41,81.5 1 8
github.com/2manymws/rlutils/base_limiter.go:86.70,88.2 1 0
github.com/2manymws/rlutils/base_limiter.go:90.37,92.2 1 0
github.com/2manymws/rlutils/base_limiter.go:94.61,96.2 1 23
github.com/2manymws/rlutils/base_limiter.go:98.64,99.34 1 31
github.com/2manymws/rlutils/base_limiter.go:99.34,101.3 1 24
github.com/2manymws/rlutils/base_limiter.go:102.2,104.11 3 7
github.com/2manymws/rlutils/base_limiter.go:107.60,108.31 1 29
github.com/2manymws/rlutils/base_limiter.go:108.31,110.3 1 24
github.com/2manymws/rlutils/base_limiter.go:111.2,112.11 2 5
github.com/2manymws/rlutils/base_limiter.go:115.36,117.53 1 12
github.com/2manymws/rlutils/base_limiter.go:117.53,118.15 1 22
github.com/2manymws/rlutils/base_limiter.go:118.15,120.4 1 12
github.com/2manymws/rlutils/base_limiter.go:122.2,122.43 1 0
github.com/2manymws/rlutils/base_limiter.go:125.50,126.26 1 7
github.com/2manymws/rlutils/base_limiter.go:126.26,129.3 2 2
github.com/2manymws/rlutils/base_limiter.go:130.2,130.15 1 5
github.com/2manymws/rlutils/country_limiter.go:36.28,38.16 2 6
github.com/2manymws/rlutils/country_limiter.go:38.16,40.3 1 0
github.com/2manymws/rlutils/country_limiter.go:41.2,44.30 3 6
github.com/2manymws/rlutils/country_limiter.go:44.30,46.3 1 6
github.com/2manymws/rlutils/country_limiter.go:48.2,48.34 1 6
github.com/2manymws/rlutils/country_limiter.go:48.34,49.15 1 1
github.com/2manymws/rlutils/country_limiter.go:49.15,51.4 1 0
github.com/2manymws/rlutils/country_limiter.go:52.3,52.22 1 1
github.com/2manymws/rlutils/country_limiter.go:54.2,64.8 1 6
github.com/2manymws/rlutils/country_limiter.go:67.40,69.2 1 0
github.com/2manymws/rlutils/country_limiter.go:71.66,72.27 1 6
github.com/2manymws/rlutils/country_limiter.go:72.27,74.3 1 0
github.com/2manymws/rlutils/country_limiter.go:76.2,78.49 3 6
github.com/2manymws/rlutils/country_limiter.go:78.49,80.3 1 1
github.com/2manymws/rlutils/country_limiter.go:80.8,82.17 2 5
github.com/2manymws/rlutils/country_limiter.go:82.17,84.4 1 1
github.com/2manymws/rlutils/country_limiter.go:85.3,85.14 1 4
github.com/2manymws/rlutils/country_limiter.go:88.2,95.19 3 5
github.com/2manymws/rlutils/country_limiter.go:95.19,97.3 1 0
github.com/2manymws/rlutils/country_limiter.go:99.2,99.43 1 5
github.com/2manymws/rlutils/country_limiter.go:99.43,101.3 1 1
github.com/2manymws/rlutils/country_limiter.go:103.2,103.35 1 4
github.com/2manymws/rlutils/country_limiter.go:103.35,106.3 1 0
github.com/2manymws/rlutils/country_limiter.go:108.2,108.39 1 4
github.com/2manymws/rlutils/country_limiter.go:108.39,114.3 1 4
github.com/2manymws/rlutils/country_limiter.go:115.2,115.21 1 0
github.com/2manymws/rlutils/country_limiter.go:118.69,126.16 3 10
github.com/2manymws/rlutils/country_limiter.go:126.16,128.3 1 2
github.com/2manymws/rlutils/country_limiter.go:130.2,130.36 1 8
github.com/2manymws/rlutils/country_limiter.go:133.73,135.2 1 0
github.com/2manymws/rlutils/get_parameter_limiter.go:25.33,27.16 2 4
github.com/2manymws/rlutils/get_parameter_limiter.go:27.16,29.3 1 0
github.com/2manymws/rlutils/get_parameter_limiter.go:30.2,39.8 1 4
github.com/2manymws/rlutils/get_parameter_limiter.go:42.45,44.2 1 0
github.com/2manymws/rlutils/get_parameter_limiter.go:46.71,47.27 1 4
github.com/2manymws/rlutils/get_parameter_limiter.go:47.27,49.3 1 0
github.com/2manymws/rlutils/get_parameter_limiter.go:50.2,50.36 1 4
github.com/2manymws/rlutils/get_parameter_limiter.go:50.36,51.32 1 4
github.com/2manymws/rlutils/get_parameter_limiter.go:51.32,57.4 1 3
github.com/2manymws/rlutils/get_parameter_limiter.go:60.2,60.36 1 1
github.com/2manymws/rlutils/get_parameter_limiter.go:63.78,65.2 1 0
github.com/2manymws/rlutils/host_limiter.go:21.16,30.2 1 1
github.com/2manymws/rlutils/host_limiter.go:32.37,34.2 1 0
github.com/2manymws/rlutils/host_limiter.go:36.63,37.27 1 1
github.com/2manymws/rlutils/host_limiter.go:37.27,39.3 1 0
github.com/2manymws/rlutils/host_limiter.go:40.2,44.8 1 1
github.com/2manymws/rlutils/host_limiter.go:47.70,49.2 1 0
github.com/2manymws/rlutils/ip_limiter.go:22.14,31.2 1 2
github.com/2manymws/rlutils/ip_limiter.go:33.35,35.2 1 0
github.com/2manymws/rlutils/ip_limiter.go:37.61,38.27 1 2
github.com/2manymws/rlutils/ip_limiter.go:38.27,40.3 1 0
github.com/2manymws/rlutils/ip_limiter.go:41.2,46.8 2 2
github.com/2manymws/rlutils/ip_limiter.go:49.68,51.2 1 0
github.com/2manymws/rlutils/request_path_limiter.go:37.32,39.16 2 8
github.com/2manymws/rlutils/request_path_limiter.go:39.16,41.3 1 0
github.com/2manymws/rlutils/request_path_limiter.go:43.2,57.8 1 8
github.com/2manymws/rlutils/request_path_limiter.go:60.44,62.2 1 0
github.com/2manymws/rlutils/request_path_limiter.go:64.70,65.27 1 8
github.com/2manymws/rlutils/request_path_limiter.go:65.27,67.3 1 0
github.com/2manymws/rlutils/request_path_limiter.go:68.2,75.4 1 8
github.com/2manymws/rlutils/request_path_limiter.go:75.4,76.23 1 21
github.com/2manymws/rlutils/request_path_limiter.go:76.23,77.33 1 21
github.com/2manymws/rlutils/request_path_limiter.go:77.33,78.31 1 21
github.com/2manymws/rlutils/request_path_limiter.go:78.31,89.8 2 10
github.com/2manymws/rlutils/request_path_limiter.go:89.8,90.31 1 24
github.com/2manymws/rlutils/request_path_limiter.go:90.31,91.42 1 6
github.com/2manymws/rlutils/request_path_limiter.go:91.42,92.40 1 6
github.com/2manymws/rlutils/request_path_limiter.go:92.40,94.15 2 6
github.com/2manymws/rlutils/request_path_limiter.go:97.8,97.19 1 6
github.com/2manymws/rlutils/request_path_limiter.go:97.19,98.14 1 6
github.com/2manymws/rlutils/request_path_limiter.go:102.6,102.18 1 10
github.com/2manymws/rlutils/request_path_limiter.go:102.18,108.7 1 4
github.com/2manymws/rlutils/request_path_limiter.go:114.2,114.36 1 4
github.com/2manymws/rlutils/request_path_limiter.go:117.77,119.2 1 0
github.com/2manymws/rlutils/user_agent_limiter.go:24.21,34.2 1 1
github.com/2manymws/rlutils/user_agent_limiter.go:36.42,38.2 1 0
github.com/2manymws/rlutils/user_agent_limiter.go:40.68,41.27 1 2
github.com/2manymws/rlutils/user_agent_limiter.go:41.27,43.3 1 0
github.com/2manymws/rlutils/user_agent_limiter.go:44.2,44.34 1 2
github.com/2manymws/rlutils/user_agent_limiter.go:44.34,45.42 1 3
github.com/2manymws/rlutils/user_agent_limiter.go:45.42,51.4 1 1
github.com/2manymws/rlutils/user_agent_limiter.go:53.2,53.36 1 1
github.com/2manymws/rlutils/user_agent_limiter.go:56.75,58.2 1 0
